Analysis & Synthesis report for Build_lut
Sat Jun 11 12:40:15 2022
Quartus II 64-Bit Version 15.0.0 Build 145 04/22/2015 SJ Full Version


---------------------
; Table of Contents ;
---------------------
  1. Legal Notice
  2. Analysis & Synthesis Summary
  3. Analysis & Synthesis Settings
  4. Parallel Compilation
  5. Analysis & Synthesis Source Files Read
  6. Analysis & Synthesis Resource Usage Summary
  7. Analysis & Synthesis Resource Utilization by Entity
  8. Analysis & Synthesis RAM Summary
  9. Analysis & Synthesis IP Cores Summary
 10. General Register Statistics
 11. Multiplexer Restructuring Statistics (Restructuring Performed)
 12. Source assignments for sin_lut:sin_lut_inst|altsyncram:altsyncram_component|altsyncram_vqb1:auto_generated
 13. Parameter Settings for User Entity Instance: Top-level Entity: |build_for_lut
 14. Parameter Settings for User Entity Instance: sin_lut:sin_lut_inst|altsyncram:altsyncram_component
 15. altsyncram Parameter Settings by Entity Instance
 16. Port Connectivity Checks: "sin_lut:sin_lut_inst"
 17. Post-Synthesis Netlist Statistics for Top Partition
 18. Elapsed Time Per Partition
 19. Analysis & Synthesis Messages



----------------
; Legal Notice ;
----------------
Copyright (C) 1991-2015 Altera Corporation. All rights reserved.
Your use of Altera Corporation's design tools, logic functions 
and other software and tools, and its AMPP partner logic 
functions, and any output files from any of the foregoing 
(including device programming or simulation files), and any 
associated documentation or information are expressly subject 
to the terms and conditions of the Altera Program License 
Subscription Agreement, the Altera Quartus II License Agreement,
the Altera MegaCore Function License Agreement, or other 
applicable license agreement, including, without limitation, 
that your use is for the sole purpose of programming logic 
devices manufactured by Altera and sold by Altera or its 
authorized distributors.  Please refer to the applicable 
agreement for further details.



+----------------------------------------------------------------------------------+
; Analysis & Synthesis Summary                                                     ;
+------------------------------------+---------------------------------------------+
; Analysis & Synthesis Status        ; Successful - Sat Jun 11 12:40:15 2022       ;
; Quartus II 64-Bit Version          ; 15.0.0 Build 145 04/22/2015 SJ Full Version ;
; Revision Name                      ; Build_lut                                   ;
; Top-level Entity Name              ; build_for_lut                               ;
; Family                             ; Cyclone IV E                                ;
; Total logic elements               ; 51                                          ;
;     Total combinational functions  ; 51                                          ;
;     Dedicated logic registers      ; 40                                          ;
; Total registers                    ; 40                                          ;
; Total pins                         ; 19                                          ;
; Total virtual pins                 ; 0                                           ;
; Total memory bits                  ; 16,384                                      ;
; Embedded Multiplier 9-bit elements ; 0                                           ;
; Total PLLs                         ; 0                                           ;
+------------------------------------+---------------------------------------------+


+----------------------------------------------------------------------------------------------------------------------+
; Analysis & Synthesis Settings                                                                                        ;
+----------------------------------------------------------------------------+--------------------+--------------------+
; Option                                                                     ; Setting            ; Default Value      ;
+----------------------------------------------------------------------------+--------------------+--------------------+
; Device                                                                     ; EP4CE10F17C8       ;                    ;
; Top-level entity name                                                      ; build_for_lut      ; Build_lut          ;
; Family name                                                                ; Cyclone IV E       ; Cyclone V          ;
; Use smart compilation                                                      ; Off                ; Off                ;
; Enable parallel Assembler and TimeQuest Timing Analyzer during compilation ; On                 ; On                 ;
; Enable compact report table                                                ; Off                ; Off                ;
; Restructure Multiplexers                                                   ; Auto               ; Auto               ;
; Create Debugging Nodes for IP Cores                                        ; Off                ; Off                ;
; Preserve fewer node names                                                  ; On                 ; On                 ;
; Disable OpenCore Plus hardware evaluation                                  ; Off                ; Off                ;
; Verilog Version                                                            ; Verilog_2001       ; Verilog_2001       ;
; VHDL Version                                                               ; VHDL_1993          ; VHDL_1993          ;
; State Machine Processing                                                   ; Auto               ; Auto               ;
; Safe State Machine                                                         ; Off                ; Off                ;
; Extract Verilog State Machines                                             ; On                 ; On                 ;
; Extract VHDL State Machines                                                ; On                 ; On                 ;
; Ignore Verilog initial constructs                                          ; Off                ; Off                ;
; Iteration limit for constant Verilog loops                                 ; 5000               ; 5000               ;
; Iteration limit for non-constant Verilog loops                             ; 250                ; 250                ;
; Add Pass-Through Logic to Inferred RAMs                                    ; On                 ; On                 ;
; Infer RAMs from Raw Logic                                                  ; On                 ; On                 ;
; Parallel Synthesis                                                         ; On                 ; On                 ;
; DSP Block Balancing                                                        ; Auto               ; Auto               ;
; NOT Gate Push-Back                                                         ; On                 ; On                 ;
; Power-Up Don't Care                                                        ; On                 ; On                 ;
; Remove Redundant Logic Cells                                               ; Off                ; Off                ;
; Remove Duplicate Registers                                                 ; On                 ; On                 ;
; Ignore CARRY Buffers                                                       ; Off                ; Off                ;
; Ignore CASCADE Buffers                                                     ; Off                ; Off                ;
; Ignore GLOBAL Buffers                                                      ; Off                ; Off                ;
; Ignore ROW GLOBAL Buffers                                                  ; Off                ; Off                ;
; Ignore LCELL Buffers                                                       ; Off                ; Off                ;
; Ignore SOFT Buffers                                                        ; On                 ; On                 ;
; Limit AHDL Integers to 32 Bits                                             ; Off                ; Off                ;
; Optimization Technique                                                     ; Balanced           ; Balanced           ;
; Carry Chain Length                                                         ; 70                 ; 70                 ;
; Auto Carry Chains                                                          ; On                 ; On                 ;
; Auto Open-Drain Pins                                                       ; On                 ; On                 ;
; Perform WYSIWYG Primitive Resynthesis                                      ; Off                ; Off                ;
; Auto ROM Replacement                                                       ; On                 ; On                 ;
; Auto RAM Replacement                                                       ; On                 ; On                 ;
; Auto DSP Block Replacement                                                 ; On                 ; On                 ;
; Auto Shift Register Replacement                                            ; Auto               ; Auto               ;
; Allow Shift Register Merging across Hierarchies                            ; Auto               ; Auto               ;
; Auto Clock Enable Replacement                                              ; On                 ; On                 ;
; Strict RAM Replacement                                                     ; Off                ; Off                ;
; Allow Synchronous Control Signals                                          ; On                 ; On                 ;
; Force Use of Synchronous Clear Signals                                     ; Off                ; Off                ;
; Auto RAM Block Balancing                                                   ; On                 ; On                 ;
; Auto RAM to Logic Cell Conversion                                          ; Off                ; Off                ;
; Auto Resource Sharing                                                      ; Off                ; Off                ;
; Allow Any RAM Size For Recognition                                         ; Off                ; Off                ;
; Allow Any ROM Size For Recognition                                         ; Off                ; Off                ;
; Allow Any Shift Register Size For Recognition                              ; Off                ; Off                ;
; Use LogicLock Constraints during Resource Balancing                        ; On                 ; On                 ;
; Ignore translate_off and synthesis_off directives                          ; Off                ; Off                ;
; Timing-Driven Synthesis                                                    ; On                 ; On                 ;
; Report Parameter Settings                                                  ; On                 ; On                 ;
; Report Source Assignments                                                  ; On                 ; On                 ;
; Report Connectivity Checks                                                 ; On                 ; On                 ;
; Ignore Maximum Fan-Out Assignments                                         ; Off                ; Off                ;
; Synchronization Register Chain Length                                      ; 2                  ; 2                  ;
; PowerPlay Power Optimization During Synthesis                              ; Normal compilation ; Normal compilation ;
; HDL message level                                                          ; Level2             ; Level2             ;
; Suppress Register Optimization Related Messages                            ; Off                ; Off                ;
; Number of Removed Registers Reported in Synthesis Report                   ; 5000               ; 5000               ;
; Number of Swept Nodes Reported in Synthesis Report                         ; 5000               ; 5000               ;
; Number of Inverted Registers Reported in Synthesis Report                  ; 100                ; 100                ;
; Clock MUX Protection                                                       ; On                 ; On                 ;
; Auto Gated Clock Conversion                                                ; Off                ; Off                ;
; Block Design Naming                                                        ; Auto               ; Auto               ;
; SDC constraint protection                                                  ; Off                ; Off                ;
; Synthesis Effort                                                           ; Auto               ; Auto               ;
; Shift Register Replacement - Allow Asynchronous Clear Signal               ; On                 ; On                 ;
; Pre-Mapping Resynthesis Optimization                                       ; Off                ; Off                ;
; Analysis & Synthesis Message Level                                         ; Medium             ; Medium             ;
; Disable Register Merging Across Hierarchies                                ; Auto               ; Auto               ;
; Resource Aware Inference For Block RAM                                     ; On                 ; On                 ;
; Synthesis Seed                                                             ; 1                  ; 1                  ;
+----------------------------------------------------------------------------+--------------------+--------------------+


+------------------------------------------+
; Parallel Compilation                     ;
+----------------------------+-------------+
; Processors                 ; Number      ;
+----------------------------+-------------+
; Number detected on machine ; 12          ;
; Maximum allowed            ; 12          ;
;                            ;             ;
; Average used               ; 1.00        ;
; Maximum used               ; 2           ;
;                            ;             ;
; Usage by Processor         ; % Time Used ;
;     Processor 1            ; 100.0%      ;
;     Processor 2            ; < 0.1%      ;
;     Processors 3-12        ;   0.0%      ;
+----------------------------+-------------+


+---------------------------------------------------------------------------------------------------------------------------------------------------------------------------+
; Analysis & Synthesis Source Files Read                                                                                                                                    ;
+----------------------------------+-----------------+----------------------------------+-------------------------------------------------------------------------+---------+
; File Name with User-Entered Path ; Used in Netlist ; File Type                        ; File Name with Absolute Path                                            ; Library ;
+----------------------------------+-----------------+----------------------------------+-------------------------------------------------------------------------+---------+
; ../doc/abc.mif                   ; yes             ; User Memory Initialization File  ; G:/FPGA_DIP/Build_for_lut/doc/abc.mif                                   ;         ;
; ../rtl/build_for_lut.v           ; yes             ; User Verilog HDL File            ; G:/FPGA_DIP/Build_for_lut/rtl/build_for_lut.v                           ;         ;
; ip_core/sin_lut/sin_lut.v        ; yes             ; User Wizard-Generated File       ; G:/FPGA_DIP/Build_for_lut/quartusprj/ip_core/sin_lut/sin_lut.v          ;         ;
; altsyncram.tdf                   ; yes             ; Megafunction                     ; d:/fpga/quartus 2/quartus/libraries/megafunctions/altsyncram.tdf        ;         ;
; stratix_ram_block.inc            ; yes             ; Megafunction                     ; d:/fpga/quartus 2/quartus/libraries/megafunctions/stratix_ram_block.inc ;         ;
; lpm_mux.inc                      ; yes             ; Megafunction                     ; d:/fpga/quartus 2/quartus/libraries/megafunctions/lpm_mux.inc           ;         ;
; lpm_decode.inc                   ; yes             ; Megafunction                     ; d:/fpga/quartus 2/quartus/libraries/megafunctions/lpm_decode.inc        ;         ;
; aglobal150.inc                   ; yes             ; Megafunction                     ; d:/fpga/quartus 2/quartus/libraries/megafunctions/aglobal150.inc        ;         ;
; a_rdenreg.inc                    ; yes             ; Megafunction                     ; d:/fpga/quartus 2/quartus/libraries/megafunctions/a_rdenreg.inc         ;         ;
; altrom.inc                       ; yes             ; Megafunction                     ; d:/fpga/quartus 2/quartus/libraries/megafunctions/altrom.inc            ;         ;
; altram.inc                       ; yes             ; Megafunction                     ; d:/fpga/quartus 2/quartus/libraries/megafunctions/altram.inc            ;         ;
; altdpram.inc                     ; yes             ; Megafunction                     ; d:/fpga/quartus 2/quartus/libraries/megafunctions/altdpram.inc          ;         ;
; db/altsyncram_vqb1.tdf           ; yes             ; Auto-Generated Megafunction      ; G:/FPGA_DIP/Build_for_lut/quartusprj/db/altsyncram_vqb1.tdf             ;         ;
+----------------------------------+-----------------+----------------------------------+-------------------------------------------------------------------------+---------+


+---------------------------------------------------------+
; Analysis & Synthesis Resource Usage Summary             ;
+---------------------------------------------+-----------+
; Resource                                    ; Usage     ;
+---------------------------------------------+-----------+
; Estimated Total logic elements              ; 51        ;
;                                             ;           ;
; Total combinational functions               ; 51        ;
; Logic element usage by number of LUT inputs ;           ;
;     -- 4 input functions                    ; 9         ;
;     -- 3 input functions                    ; 1         ;
;     -- <=2 input functions                  ; 41        ;
;                                             ;           ;
; Logic elements by mode                      ;           ;
;     -- normal mode                          ; 18        ;
;     -- arithmetic mode                      ; 33        ;
;                                             ;           ;
; Total registers                             ; 40        ;
;     -- Dedicated logic registers            ; 40        ;
;     -- I/O registers                        ; 0         ;
;                                             ;           ;
; I/O pins                                    ; 19        ;
; Total memory bits                           ; 16384     ;
;                                             ;           ;
; Embedded Multiplier 9-bit elements          ; 0         ;
;                                             ;           ;
; Maximum fan-out node                        ; clk~input ;
; Maximum fan-out                             ; 56        ;
; Total fan-out                               ; 498       ;
; Average fan-out                             ; 3.43      ;
+---------------------------------------------+-----------+


+---------------------------------------------------------------------------------------------------------------------------------------------------------------------------------------------------------------------------------------------------------------------------+
; Analysis & Synthesis Resource Utilization by Entity                                                                                                                                                                                                                       ;
+-------------------------------------------+-------------------+--------------+-------------+--------------+---------+-----------+------+--------------+----------------------------------------------------------------------------------------------------+--------------+
; Compilation Hierarchy Node                ; LC Combinationals ; LC Registers ; Memory Bits ; DSP Elements ; DSP 9x9 ; DSP 18x18 ; Pins ; Virtual Pins ; Full Hierarchy Name                                                                                ; Library Name ;
+-------------------------------------------+-------------------+--------------+-------------+--------------+---------+-----------+------+--------------+----------------------------------------------------------------------------------------------------+--------------+
; |build_for_lut                            ; 51 (50)           ; 40 (40)      ; 16384       ; 0            ; 0       ; 0         ; 19   ; 0            ; |build_for_lut                                                                                     ; work         ;
;    |sin_lut:sin_lut_inst|                 ; 1 (0)             ; 0 (0)        ; 16384       ; 0            ; 0       ; 0         ; 0    ; 0            ; |build_for_lut|sin_lut:sin_lut_inst                                                                ; work         ;
;       |altsyncram:altsyncram_component|   ; 1 (0)             ; 0 (0)        ; 16384       ; 0            ; 0       ; 0         ; 0    ; 0            ; |build_for_lut|sin_lut:sin_lut_inst|altsyncram:altsyncram_component                                ; work         ;
;          |altsyncram_vqb1:auto_generated| ; 1 (1)             ; 0 (0)        ; 16384       ; 0            ; 0       ; 0         ; 0    ; 0            ; |build_for_lut|sin_lut:sin_lut_inst|altsyncram:altsyncram_component|altsyncram_vqb1:auto_generated ; work         ;
+-------------------------------------------+-------------------+--------------+-------------+--------------+---------+-----------+------+--------------+----------------------------------------------------------------------------------------------------+--------------+
Note: For table entries with two numbers listed, the numbers in parentheses indicate the number of resources of the given type used by the specific entity alone. The numbers listed outside of parentheses indicate the total resources of the given type used by the specific entity and all of its sub-entities in the hierarchy.


+--------------------------------------------------------------------------------------------------------------------------------------------------------------------------------------------------------------------------+
; Analysis & Synthesis RAM Summary                                                                                                                                                                                         ;
+------------------------------------------------------------------------------------------------+------+------+--------------+--------------+--------------+--------------+-------+---------------------------------------+
; Name                                                                                           ; Type ; Mode ; Port A Depth ; Port A Width ; Port B Depth ; Port B Width ; Size  ; MIF                                   ;
+------------------------------------------------------------------------------------------------+------+------+--------------+--------------+--------------+--------------+-------+---------------------------------------+
; sin_lut:sin_lut_inst|altsyncram:altsyncram_component|altsyncram_vqb1:auto_generated|ALTSYNCRAM ; AUTO ; ROM  ; 1024         ; 16           ; --           ; --           ; 16384 ; G:/FPGA_DIP/Build_for_lut/doc/abc.mif ;
+------------------------------------------------------------------------------------------------+------+------+--------------+--------------+--------------+--------------+-------+---------------------------------------+


+---------------------------------------------------------------------------------------------------------------------------------+
; Analysis & Synthesis IP Cores Summary                                                                                           ;
+--------+--------------+---------+--------------+--------------+-------------------------------------+---------------------------+
; Vendor ; IP Core Name ; Version ; Release Date ; License Type ; Entity Instance                     ; IP Include File           ;
+--------+--------------+---------+--------------+--------------+-------------------------------------+---------------------------+
; Altera ; ROM: 1-PORT  ; 15.0    ; N/A          ; N/A          ; |build_for_lut|sin_lut:sin_lut_inst ; ip_core/sin_lut/sin_lut.v ;
+--------+--------------+---------+--------------+--------------+-------------------------------------+---------------------------+


+------------------------------------------------------+
; General Register Statistics                          ;
+----------------------------------------------+-------+
; Statistic                                    ; Value ;
+----------------------------------------------+-------+
; Total registers                              ; 40    ;
; Number of registers using Synchronous Clear  ; 0     ;
; Number of registers using Synchronous Load   ; 25    ;
; Number of registers using Asynchronous Clear ; 40    ;
; Number of registers using Asynchronous Load  ; 0     ;
; Number of registers using Clock Enable       ; 0     ;
; Number of registers using Preset             ; 0     ;
+----------------------------------------------+-------+


+------------------------------------------------------------------------------------------------------------------------------------------+
; Multiplexer Restructuring Statistics (Restructuring Performed)                                                                           ;
+--------------------+-----------+---------------+----------------------+------------------------+------------+----------------------------+
; Multiplexer Inputs ; Bus Width ; Baseline Area ; Area if Restructured ; Saving if Restructured ; Registered ; Example Multiplexer Output ;
+--------------------+-----------+---------------+----------------------+------------------------+------------+----------------------------+
; 3:1                ; 2 bits    ; 4 LEs         ; 2 LEs                ; 2 LEs                  ; Yes        ; |build_for_lut|quadrant[0] ;
+--------------------+-----------+---------------+----------------------+------------------------+------------+----------------------------+


+------------------------------------------------------------------------------------------------------------+
; Source assignments for sin_lut:sin_lut_inst|altsyncram:altsyncram_component|altsyncram_vqb1:auto_generated ;
+---------------------------------+--------------------+------+----------------------------------------------+
; Assignment                      ; Value              ; From ; To                                           ;
+---------------------------------+--------------------+------+----------------------------------------------+
; OPTIMIZE_POWER_DURING_SYNTHESIS ; NORMAL_COMPILATION ; -    ; -                                            ;
+---------------------------------+--------------------+------+----------------------------------------------+


+-------------------------------------------------------------------------------+
; Parameter Settings for User Entity Instance: Top-level Entity: |build_for_lut ;
+----------------+-------------+------------------------------------------------+
; Parameter Name ; Value       ; Type                                           ;
+----------------+-------------+------------------------------------------------+
; ADDR_MAX       ; 01110000011 ; Unsigned Binary                                ;
+----------------+-------------+------------------------------------------------+
Note: In order to hide this table in the UI and the text report file, please set the "Show Parameter Settings in Synthesis Report" option in "Analysis and Synthesis Settings -> More Settings" to "Off".


+---------------------------------------------------------------------------------------------------+
; Parameter Settings for User Entity Instance: sin_lut:sin_lut_inst|altsyncram:altsyncram_component ;
+------------------------------------+---------------------------------------+----------------------+
; Parameter Name                     ; Value                                 ; Type                 ;
+------------------------------------+---------------------------------------+----------------------+
; BYTE_SIZE_BLOCK                    ; 8                                     ; Untyped              ;
; AUTO_CARRY_CHAINS                  ; ON                                    ; AUTO_CARRY           ;
; IGNORE_CARRY_BUFFERS               ; OFF                                   ; IGNORE_CARRY         ;
; AUTO_CASCADE_CHAINS                ; ON                                    ; AUTO_CASCADE         ;
; IGNORE_CASCADE_BUFFERS             ; OFF                                   ; IGNORE_CASCADE       ;
; WIDTH_BYTEENA                      ; 1                                     ; Untyped              ;
; OPERATION_MODE                     ; ROM                                   ; Untyped              ;
; WIDTH_A                            ; 16                                    ; Signed Integer       ;
; WIDTHAD_A                          ; 10                                    ; Signed Integer       ;
; NUMWORDS_A                         ; 1024                                  ; Signed Integer       ;
; OUTDATA_REG_A                      ; CLOCK0                                ; Untyped              ;
; ADDRESS_ACLR_A                     ; NONE                                  ; Untyped              ;
; OUTDATA_ACLR_A                     ; NONE                                  ; Untyped              ;
; WRCONTROL_ACLR_A                   ; NONE                                  ; Untyped              ;
; INDATA_ACLR_A                      ; NONE                                  ; Untyped              ;
; BYTEENA_ACLR_A                     ; NONE                                  ; Untyped              ;
; WIDTH_B                            ; 1                                     ; Untyped              ;
; WIDTHAD_B                          ; 1                                     ; Untyped              ;
; NUMWORDS_B                         ; 1                                     ; Untyped              ;
; INDATA_REG_B                       ; CLOCK1                                ; Untyped              ;
; WRCONTROL_WRADDRESS_REG_B          ; CLOCK1                                ; Untyped              ;
; RDCONTROL_REG_B                    ; CLOCK1                                ; Untyped              ;
; ADDRESS_REG_B                      ; CLOCK1                                ; Untyped              ;
; OUTDATA_REG_B                      ; UNREGISTERED                          ; Untyped              ;
; BYTEENA_REG_B                      ; CLOCK1                                ; Untyped              ;
; INDATA_ACLR_B                      ; NONE                                  ; Untyped              ;
; WRCONTROL_ACLR_B                   ; NONE                                  ; Untyped              ;
; ADDRESS_ACLR_B                     ; NONE                                  ; Untyped              ;
; OUTDATA_ACLR_B                     ; NONE                                  ; Untyped              ;
; RDCONTROL_ACLR_B                   ; NONE                                  ; Untyped              ;
; BYTEENA_ACLR_B                     ; NONE                                  ; Untyped              ;
; WIDTH_BYTEENA_A                    ; 1                                     ; Signed Integer       ;
; WIDTH_BYTEENA_B                    ; 1                                     ; Untyped              ;
; RAM_BLOCK_TYPE                     ; AUTO                                  ; Untyped              ;
; BYTE_SIZE                          ; 8                                     ; Untyped              ;
; READ_DURING_WRITE_MODE_MIXED_PORTS ; DONT_CARE                             ; Untyped              ;
; READ_DURING_WRITE_MODE_PORT_A      ; NEW_DATA_NO_NBE_READ                  ; Untyped              ;
; READ_DURING_WRITE_MODE_PORT_B      ; NEW_DATA_NO_NBE_READ                  ; Untyped              ;
; INIT_FILE                          ; G:/FPGA_DIP/Build_for_lut/doc/abc.mif ; Untyped              ;
; INIT_FILE_LAYOUT                   ; PORT_A                                ; Untyped              ;
; MAXIMUM_DEPTH                      ; 0                                     ; Untyped              ;
; CLOCK_ENABLE_INPUT_A               ; BYPASS                                ; Untyped              ;
; CLOCK_ENABLE_INPUT_B               ; NORMAL                                ; Untyped              ;
; CLOCK_ENABLE_OUTPUT_A              ; BYPASS                                ; Untyped              ;
; CLOCK_ENABLE_OUTPUT_B              ; NORMAL                                ; Untyped              ;
; CLOCK_ENABLE_CORE_A                ; USE_INPUT_CLKEN                       ; Untyped              ;
; CLOCK_ENABLE_CORE_B                ; USE_INPUT_CLKEN                       ; Untyped              ;
; ENABLE_ECC                         ; FALSE                                 ; Untyped              ;
; ECC_PIPELINE_STAGE_ENABLED         ; FALSE                                 ; Untyped              ;
; WIDTH_ECCSTATUS                    ; 3                                     ; Untyped              ;
; DEVICE_FAMILY                      ; Cyclone IV E                          ; Untyped              ;
; CBXI_PARAMETER                     ; altsyncram_vqb1                       ; Untyped              ;
+------------------------------------+---------------------------------------+----------------------+
Note: In order to hide this table in the UI and the text report file, please set the "Show Parameter Settings in Synthesis Report" option in "Analysis and Synthesis Settings -> More Settings" to "Off".


+--------------------------------------------------------------------------------------------------+
; altsyncram Parameter Settings by Entity Instance                                                 ;
+-------------------------------------------+------------------------------------------------------+
; Name                                      ; Value                                                ;
+-------------------------------------------+------------------------------------------------------+
; Number of entity instances                ; 1                                                    ;
; Entity Instance                           ; sin_lut:sin_lut_inst|altsyncram:altsyncram_component ;
;     -- OPERATION_MODE                     ; ROM                                                  ;
;     -- WIDTH_A                            ; 16                                                   ;
;     -- NUMWORDS_A                         ; 1024                                                 ;
;     -- OUTDATA_REG_A                      ; CLOCK0                                               ;
;     -- WIDTH_B                            ; 1                                                    ;
;     -- NUMWORDS_B                         ; 1                                                    ;
;     -- ADDRESS_REG_B                      ; CLOCK1                                               ;
;     -- OUTDATA_REG_B                      ; UNREGISTERED                                         ;
;     -- RAM_BLOCK_TYPE                     ; AUTO                                                 ;
;     -- READ_DURING_WRITE_MODE_MIXED_PORTS ; DONT_CARE                                            ;
+-------------------------------------------+------------------------------------------------------+


+-----------------------------------------------------------------------------------------------------------------------------------------------------------------------------------------------------------------+
; Port Connectivity Checks: "sin_lut:sin_lut_inst"                                                                                                                                                                ;
+---------+-------+----------+------------------------------------------------------------------------------------------------------------------------------------------------------------------------------------+
; Port    ; Type  ; Severity ; Details                                                                                                                                                                            ;
+---------+-------+----------+------------------------------------------------------------------------------------------------------------------------------------------------------------------------------------+
; address ; Input ; Warning  ; Input port expression (11 bits) is wider than the input port (10 bits) it drives.  The 1 most-significant bit(s) in the expression will be dangling if they have no other fanouts. ;
+---------+-------+----------+------------------------------------------------------------------------------------------------------------------------------------------------------------------------------------+


+-----------------------------------------------------+
; Post-Synthesis Netlist Statistics for Top Partition ;
+-----------------------+-----------------------------+
; Type                  ; Count                       ;
+-----------------------+-----------------------------+
; boundary_port         ; 19                          ;
; cycloneiii_ff         ; 40                          ;
;     CLR               ; 15                          ;
;     CLR SLD           ; 25                          ;
; cycloneiii_lcell_comb ; 51                          ;
;     arith             ; 33                          ;
;         2 data inputs ; 33                          ;
;     normal            ; 18                          ;
;         0 data inputs ; 1                           ;
;         1 data inputs ; 3                           ;
;         2 data inputs ; 4                           ;
;         3 data inputs ; 1                           ;
;         4 data inputs ; 9                           ;
; cycloneiii_ram_block  ; 16                          ;
;                       ;                             ;
; Max LUT depth         ; 3.00                        ;
; Average LUT depth     ; 1.65                        ;
+-----------------------+-----------------------------+


+-------------------------------+
; Elapsed Time Per Partition    ;
+----------------+--------------+
; Partition Name ; Elapsed Time ;
+----------------+--------------+
; Top            ; 00:00:00     ;
+----------------+--------------+


+-------------------------------+
; Analysis & Synthesis Messages ;
+-------------------------------+
Info: *******************************************************************
Info: Running Quartus II 64-Bit Analysis & Synthesis
    Info: Version 15.0.0 Build 145 04/22/2015 SJ Full Version
    Info: Processing started: Sat Jun 11 12:40:06 2022
Info: Command: quartus_map --read_settings_files=on --write_settings_files=off Build_lut -c Build_lut
Info (20030): Parallel compilation is enabled and will use 12 of the 12 processors detected
Info (12021): Found 1 design units, including 1 entities, in source file /fpga_dip/build_for_lut/rtl/build_for_lut.v
    Info (12023): Found entity 1: build_for_lut
Info (12021): Found 1 design units, including 1 entities, in source file ip_core/sin_lut/sin_lut.v
    Info (12023): Found entity 1: sin_lut
Info (12127): Elaborating entity "build_for_lut" for the top level hierarchy
Info (12128): Elaborating entity "sin_lut" for hierarchy "sin_lut:sin_lut_inst"
Info (12128): Elaborating entity "altsyncram" for hierarchy "sin_lut:sin_lut_inst|altsyncram:altsyncram_component"
Info (12130): Elaborated megafunction instantiation "sin_lut:sin_lut_inst|altsyncram:altsyncram_component"
Info (12133): Instantiated megafunction "sin_lut:sin_lut_inst|altsyncram:altsyncram_component" with the following parameter:
    Info (12134): Parameter "address_aclr_a" = "NONE"
    Info (12134): Parameter "clock_enable_input_a" = "BYPASS"
    Info (12134): Parameter "clock_enable_output_a" = "BYPASS"
    Info (12134): Parameter "init_file" = "G:/FPGA_DIP/Build_for_lut/doc/abc.mif"
    Info (12134): Parameter "intended_device_family" = "Cyclone IV E"
    Info (12134): Parameter "lpm_hint" = "ENABLE_RUNTIME_MOD=NO"
    Info (12134): Parameter "lpm_type" = "altsyncram"
    Info (12134): Parameter "numwords_a" = "1024"
    Info (12134): Parameter "operation_mode" = "ROM"
    Info (12134): Parameter "outdata_aclr_a" = "NONE"
    Info (12134): Parameter "outdata_reg_a" = "CLOCK0"
    Info (12134): Parameter "widthad_a" = "10"
    Info (12134): Parameter "width_a" = "16"
    Info (12134): Parameter "width_byteena_a" = "1"
Info (12021): Found 1 design units, including 1 entities, in source file db/altsyncram_vqb1.tdf
    Info (12023): Found entity 1: altsyncram_vqb1
Info (12128): Elaborating entity "altsyncram_vqb1" for hierarchy "sin_lut:sin_lut_inst|altsyncram:altsyncram_component|altsyncram_vqb1:auto_generated"
Warning (12241): 1 hierarchies have connectivity warnings - see the Connectivity Checks report folder
Info (286030): Timing-Driven Synthesis is running
Info (16010): Generating hard_block partition "hard_block:auto_generated_inst"
    Info (16011): Adding 0 node(s), including 0 DDIO, 0 PLL, 0 transceiver and 0 LCELL
Info (21057): Implemented 86 device resources after synthesis - the final resource count might be different
    Info (21058): Implemented 2 input pins
    Info (21059): Implemented 17 output pins
    Info (21061): Implemented 51 logic cells
    Info (21064): Implemented 16 RAM segments
Info: Quartus II 64-Bit Analysis & Synthesis was successful. 0 errors, 1 warning
    Info: Peak virtual memory: 4891 megabytes
    Info: Processing ended: Sat Jun 11 12:40:15 2022
    Info: Elapsed time: 00:00:09
    Info: Total CPU time (on all processors): 00:00:19


