INFO: [VRFC 10-2263] Analyzing Verilog file "D:/xilinx_FPGA_prj/my_fpga_prj/ov5640_gesture/ov5640_gesture.ip_user_files/bd/system/ip/system_processing_system7_0_0/sim/system_processing_system7_0_0.v" into library xil_defaultlib
INFO: [VRFC 10-311] analyzing module system_processing_system7_0_0
INFO: [VRFC 10-2263] Analyzing Verilog file "D:/xilinx_FPGA_prj/my_fpga_prj/ov5640_gesture/ov5640_gesture.ip_user_files/bd/system/ip/system_v_axi4s_vid_out_0_0/sim/system_v_axi4s_vid_out_0_0.v" into library xil_defaultlib
INFO: [VRFC 10-311] analyzing module system_v_axi4s_vid_out_0_0
INFO: [VRFC 10-2263] Analyzing Verilog file "D:/xilinx_FPGA_prj/my_fpga_prj/ov5640_gesture/ov5640_gesture.ip_user_files/bd/system/ipshared/f810/src/rgb2lcd.v" into library xil_defaultlib
INFO: [VRFC 10-311] analyzing module rgb2lcd
INFO: [VRFC 10-2263] Analyzing Verilog file "D:/xilinx_FPGA_prj/my_fpga_prj/ov5640_gesture/ov5640_gesture.ip_user_files/bd/system/ip/system_rgb2lcd_0_0/sim/system_rgb2lcd_0_0.v" into library xil_defaultlib
INFO: [VRFC 10-311] analyzing module system_rgb2lcd_0_0
INFO: [VRFC 10-2263] Analyzing Verilog file "D:/xilinx_FPGA_prj/my_fpga_prj/ov5640_gesture/ov5640_gesture.gen/sources_1/bd/system/ipshared/ab26/src/mmcme2_drp.v" into library xil_defaultlib
INFO: [VRFC 10-311] analyzing module mmcme2_drp
INFO: [VRFC 10-2263] Analyzing Verilog file "D:/xilinx_FPGA_prj/my_fpga_prj/ov5640_gesture/ov5640_gesture.ip_user_files/bd/system/ip/system_xbar_0/sim/system_xbar_0.v" into library xil_defaultlib
INFO: [VRFC 10-311] analyzing module system_xbar_0
INFO: [VRFC 10-2263] Analyzing Verilog file "D:/xilinx_FPGA_prj/my_fpga_prj/ov5640_gesture/ov5640_gesture.ip_user_files/bd/system/ip/system_auto_pc_0/sim/system_auto_pc_0.v" into library xil_defaultlib
INFO: [VRFC 10-311] analyzing module system_auto_pc_0
INFO: [VRFC 10-2263] Analyzing Verilog file "D:/xilinx_FPGA_prj/my_fpga_prj/ov5640_gesture/ov5640_gesture.ip_user_files/bd/system/ip/system_xbar_1/sim/system_xbar_1.v" into library xil_defaultlib
INFO: [VRFC 10-311] analyzing module system_xbar_1
INFO: [VRFC 10-2263] Analyzing Verilog file "D:/xilinx_FPGA_prj/my_fpga_prj/ov5640_gesture/ov5640_gesture.ip_user_files/bd/system/ip/system_auto_pc_1/sim/system_auto_pc_1.v" into library xil_defaultlib
INFO: [VRFC 10-311] analyzing module system_auto_pc_1
INFO: [VRFC 10-2263] Analyzing Verilog file "D:/xilinx_FPGA_prj/my_fpga_prj/ov5640_gesture/ov5640_gesture.ip_user_files/bd/system/ip/system_v_vid_in_axi4s_0_0/sim/system_v_vid_in_axi4s_0_0.v" into library xil_defaultlib
INFO: [VRFC 10-311] analyzing module system_v_vid_in_axi4s_0_0
INFO: [VRFC 10-2263] Analyzing Verilog file "D:/xilinx_FPGA_prj/my_fpga_prj/ov5640_gesture/ov5640_gesture.ip_user_files/bd/system/ipshared/9321/src/ov5640_capture_data.v" into library xil_defaultlib
INFO: [VRFC 10-311] analyzing module ov5640_capture_data
INFO: [VRFC 10-2263] Analyzing Verilog file "D:/xilinx_FPGA_prj/my_fpga_prj/ov5640_gesture/ov5640_gesture.ip_user_files/bd/system/ip/system_ov5640_capture_data_0_0/sim/system_ov5640_capture_data_0_0.v" into library xil_defaultlib
INFO: [VRFC 10-311] analyzing module system_ov5640_capture_data_0_0
INFO: [VRFC 10-2263] Analyzing Verilog file "D:/xilinx_FPGA_prj/my_fpga_prj/ov5640_gesture/ov5640_gesture.ip_user_files/bd/system/ipshared/4265/src/rgb2ycbcr.v" into library xil_defaultlib
INFO: [VRFC 10-311] analyzing module rgb2ycbcr
INFO: [VRFC 10-2263] Analyzing Verilog file "D:/xilinx_FPGA_prj/my_fpga_prj/ov5640_gesture/ov5640_gesture.ip_user_files/bd/system/ip/system_rgb2ycbcr_0_0/sim/system_rgb2ycbcr_0_0.v" into library xil_defaultlib
INFO: [VRFC 10-311] analyzing module system_rgb2ycbcr_0_0
INFO: [VRFC 10-2263] Analyzing Verilog file "D:/xilinx_FPGA_prj/my_fpga_prj/ov5640_gesture/ov5640_gesture.ip_user_files/bd/system/sim/system.v" into library xil_defaultlib
INFO: [VRFC 10-311] analyzing module m00_couplers_imp_1H7AUOX
INFO: [VRFC 10-311] analyzing module m00_couplers_imp_1TEAG88
INFO: [VRFC 10-311] analyzing module m01_couplers_imp_4Y7TYO
INFO: [VRFC 10-311] analyzing module m02_couplers_imp_FKL2TE
INFO: [VRFC 10-311] analyzing module m03_couplers_imp_15QZ4LV
INFO: [VRFC 10-311] analyzing module s00_couplers_imp_11SE3QO
INFO: [VRFC 10-311] analyzing module s00_couplers_imp_1P403ZT
INFO: [VRFC 10-311] analyzing module s01_couplers_imp_VQ497S
INFO: [VRFC 10-311] analyzing module system
INFO: [VRFC 10-311] analyzing module system_axi_mem_intercon_1
INFO: [VRFC 10-311] analyzing module system_ps7_0_axi_periph_1
INFO: [VRFC 10-2263] Analyzing Verilog file "D:/xilinx_FPGA_prj/my_fpga_prj/ov5640_gesture/ov5640_gesture.srcs/sources_1/imports/system_wrapper.v" into library xil_defaultlib
INFO: [VRFC 10-311] analyzing module system_wrapper
INFO: [VRFC 10-2263] Analyzing Verilog file "D:/xilinx_FPGA_prj/my_fpga_prj/ov5640_gesture/ov5640_gesture.sim/sim_1/behav/xsim/glbl.v" into library xil_defaultlib
INFO: [VRFC 10-311] analyzing module glbl
