# do {tb_ov5640_gray_compile.do}
# ** Warning: (vlib-34) Library already exists at "modelsim_lib/work".
# ** Warning: (vlib-34) Library already exists at "modelsim_lib/msim".
# ** Warning: (vlib-34) Library already exists at "modelsim_lib/msim/xil_defaultlib".
# Model Technology ModelSim SE-64 vmap 10.6d Lib Mapping Utility 2018.02 Feb 24 2018
# vmap xil_defaultlib modelsim_lib/msim/xil_defaultlib 
# Modifying D:\xilinx_FPGA_prj\modelsim_lib\modelsim.ini
# Model Technology ModelSim SE-64 vlog 10.6d Compiler 2018.02 Feb 24 2018
# Start time: 15:56:18 on Sep 14,2022
# vlog -incr -mfcu -work xil_defaultlib "+incdir+../../../../ov5640_gesture.gen/sources_1/bd/system/ipshared/ec67/hdl" "+incdir+../../../../ov5640_gesture.gen/sources_1/bd/system/ipshared/5765/hdl" "+incdir+../../../../ov5640_gesture.gen/sources_1/bd/system/ipshared/fc4b/hdl" "+incdir+E:/FPGA_xilinx_vivado_newversion/Vivado/2022.1/data/xilinx_vip/include" ../../../../rtl/get_gesture_area.v ../../../../rtl/ov5640_capture_data.v ../../../../rtl/rgb2ycbcr.v ../../../../rtl/tb_ov5640_gray.v 
# -- Compiling module get_gesture_area
# -- Skipping module ov5640_capture_data
# -- Skipping module rgb2ycbcr
# -- Skipping module tb_ov5640_gray
# 
# Top level modules:
# 	tb_ov5640_gray
# End time: 15:56:18 on Sep 14,2022, Elapsed time: 0:00:00
# Errors: 0, Warnings: 0
# Model Technology ModelSim SE-64 vlog 10.6d Compiler 2018.02 Feb 24 2018
# Start time: 15:56:18 on Sep 14,2022
# vlog -work xil_defaultlib glbl.v 
# -- Compiling module glbl
# 
# Top level modules:
# 	glbl
# End time: 15:56:18 on Sep 14,2022, Elapsed time: 0:00:00
# Errors: 0, Warnings: 0
