# //  ModelSim SE-64 10.6d Feb 24 2018
# //
# //  Copyright 1991-2018 Mentor Graphics Corporation
# //  All Rights Reserved.
# //
# //  ModelSim SE-64 and its associated documentation contain trade
# //  secrets and commercial or financial information that are the property of
# //  Mentor Graphics Corporation and are privileged, confidential,
# //  and exempt from disclosure under the Freedom of Information Act,
# //  5 U.S.C. Section 552. Furthermore, this information
# //  is prohibited from disclosure under the Trade Secrets Act,
# //  18 U.S.C. Section 1905.
# //
# do {tb_ov5640_gray_simulate.do}
# vsim -voptargs=""+acc"" -L xil_defaultlib -L xilinx_vip -L unisims_ver -L unimacro_ver -L secureip -L xpm -lib xil_defaultlib xil_defaultlib.tb_ov5640_gray xil_defaultlib.glbl 
# Start time: 15:56:20 on Sep 14,2022
# ** Note: (vsim-3812) Design is being optimized...
# Loading work.tb_ov5640_gray(fast)
# Loading work.ov5640_capture_data(fast)
# Loading work.rgb2ycbcr(fast)
# Loading work.get_gesture_area(fast)
# Loading work.glbl(fast)
# 1
# 1
# .main_pane.wave.interior.cs.body.pw.wf
# .main_pane.structure.interior.cs.body.struct
# .main_pane.objects.interior.cs.body.tree
run
run
run
run
# Causality operation skipped due to absence of debug database file
run
run
run
run
run
run
run
run
run
run
run
run
run
run
run
run
run
run
run
run
run
run
run
run
run
run
run
run
# End time: 15:59:50 on Sep 14,2022, Elapsed time: 0:03:30
# Errors: 0, Warnings: 1
