Copyright 1986-2022 Xilinx, Inc. All Rights Reserved.
------------------------------------------------------------------------------------
| Tool Version : Vivado v.2022.1 (win64) Build 3526262 Mon Apr 18 15:48:16 MDT 2022
| Date         : Thu Sep 15 10:21:44 2022
| Host         : Zou running 64-bit major release  (build 9200)
| Command      : upgrade_ip
| Device       : xc7z020clg400-2
------------------------------------------------------------------------------------

Upgrade Log for IP 'system_rgb2ycbcr_0_1'

1. Summary
----------

SUCCESS in the conversion of system_rgb2ycbcr_0_1 (xilinx.com:user:rgb2ycbcr:1.0 (Rev. 2)) to Vivado generation flows.






Copyright 1986-2022 Xilinx, Inc. All Rights Reserved.
------------------------------------------------------------------------------------
| Tool Version : Vivado v.2022.1 (win64) Build 3526262 Mon Apr 18 15:48:16 MDT 2022
| Date         : Wed Sep 14 16:55:10 2022
| Host         : Zou running 64-bit major release  (build 9200)
| Command      : upgrade_ip
| Device       : xc7z020clg400-2
------------------------------------------------------------------------------------

Upgrade Log for IP 'system_get_gesture_area_0_0'

1. Summary
----------

SUCCESS in the conversion of system_get_gesture_area_0_0 (xilinx.com:user:get_gesture_area:1.0 (Rev. 4)) to Vivado generation flows.






Copyright 1986-2022 Xilinx, Inc. All Rights Reserved.
------------------------------------------------------------------------------------
| Tool Version : Vivado v.2022.1 (win64) Build 3526262 Mon Apr 18 15:48:16 MDT 2022
| Date         : Wed Sep 14 16:48:06 2022
| Host         : Zou running 64-bit major release  (build 9200)
| Command      : upgrade_ip
| Device       : xc7z020clg400-2
------------------------------------------------------------------------------------

Upgrade Log for IP 'system_get_gesture_area_0_0'

1. Summary
----------

CAUTION (success, with warnings) in the upgrade of system_get_gesture_area_0_0 (xilinx.com:user:get_gesture_area:1.0) from (Rev. 3) to (Rev. 4)

2. Interface Information
------------------------

Detected external interface differences while upgrading 'system_get_gesture_area_0_0'.


-Upgrade has added interface 'clk' (xilinx.com:signal:clock:1.0)







Copyright 1986-2022 Xilinx, Inc. All Rights Reserved.
------------------------------------------------------------------------------------
| Tool Version : Vivado v.2022.1 (win64) Build 3526262 Mon Apr 18 15:48:16 MDT 2022
| Date         : Wed Sep 14 16:44:27 2022
| Host         : Zou running 64-bit major release  (build 9200)
| Command      : upgrade_ip
| Device       : xc7z020clg400-2
------------------------------------------------------------------------------------

Upgrade Log for IP 'system_get_gesture_area_0_0'

1. Summary
----------

SUCCESS in the conversion of system_get_gesture_area_0_0 (xilinx.com:user:get_gesture_area:1.0 (Rev. 3)) to Vivado generation flows.

