
*** Running vivado
    with args -log system_axi_dynclk_0_0.vds -m64 -product Vivado -mode batch -messageDb vivado.pb -notrace -source system_axi_dynclk_0_0.tcl



****** Vivado v2022.1 (64-bit)
  **** SW Build 3526262 on Mon Apr 18 15:48:16 MDT 2022
  **** IP Build 3524634 on Mon Apr 18 20:55:01 MDT 2022
    ** Copyright 1986-2022 Xilinx, Inc. All Rights Reserved.

source system_axi_dynclk_0_0.tcl -notrace
INFO: [IP_Flow 19-234] Refreshing IP repositories
INFO: [IP_Flow 19-1700] Loaded user IP repository 'd:/xilinx_FPGA_prj/Embedded_system/18_vdma_lcd/ip_repo'.
INFO: [IP_Flow 19-1700] Loaded user IP repository 'd:/xilinx_FPGA_prj/Embedded_system/09_ov5640_lcd/ip_repo'.
INFO: [IP_Flow 19-2313] Loaded Vivado IP repository 'E:/FPGA_xilinx_vivado_newversion/Vivado/2022.1/data/ip'.
WARNING: [IP_Flow 19-1663] Duplicate IP found for 'digilentinc.com:ip:axi_dynclk:1.0'. The one found in IP location 'd:/xilinx_FPGA_prj/Embedded_system/18_vdma_lcd/ip_repo/axi_dynclk_v1_0' will take precedence over the same IP in location d:/xilinx_FPGA_prj/Embedded_system/09_ov5640_lcd/ip_repo/axi_dynclk_v1_0
WARNING: [IP_Flow 19-1663] Duplicate IP found for 'www.alientek.com:user:rgb2lcd:1.0'. The one found in IP location 'd:/xilinx_FPGA_prj/Embedded_system/18_vdma_lcd/ip_repo/rgb2lcd/ip' will take precedence over the same IP in location d:/xilinx_FPGA_prj/Embedded_system/09_ov5640_lcd/ip_repo/rgb2lcd/ip
WARNING: [IP_Flow 19-4830] Duplicate Interface found for 'xilinx.com:user:lcd:1.0'. The one found in location 'd:/xilinx_FPGA_prj/Embedded_system/18_vdma_lcd/ip_repo/rgb2lcd/if/lcd/lcd.xml' will take precedence over the same Interface in location 'd:/xilinx_FPGA_prj/Embedded_system/09_ov5640_lcd/ip_repo/rgb2lcd/if/lcd/lcd.xml'
Command: synth_design -top system_axi_dynclk_0_0 -part xc7z020clg400-2 -incremental_mode off -mode out_of_context
Starting synth_design
Attempting to get a license for feature 'Synthesis' and/or device 'xc7z020'
INFO: [Common 17-349] Got license for feature 'Synthesis' and/or device 'xc7z020'
INFO: [Device 21-403] Loading part xc7z020clg400-2
INFO: [Synth 8-7079] Multithreading enabled for synth_design using a maximum of 2 processes.
INFO: [Synth 8-7078] Launching helper process for spawning children vivado processes
INFO: [Synth 8-7075] Helper process launched with PID 12880
WARNING: [Synth 8-9501] generate block is allowed only inside loop and conditional generate in SystemVerilog mode [E:/FPGA_xilinx_vivado_newversion/Vivado/2022.1/data/ip/xpm/xpm_fifo/hdl/xpm_fifo.sv:4023]
---------------------------------------------------------------------------------
Starting RTL Elaboration : Time (s): cpu = 00:00:05 ; elapsed = 00:00:06 . Memory (MB): peak = 1638.938 ; gain = 0.000
---------------------------------------------------------------------------------
WARNING: [Synth 8-9112] actual for formal port 'rst' is neither a static name nor a globally static expression [d:/xilinx_FPGA_prj/Embedded_system/09_ov5640_lcd/09_ov5640_lcd.gen/sources_1/bd/system/ipshared/ab26/src/axi_dynclk.vhd:225]
WARNING: [Synth 8-9112] actual for formal port 's1_clkout0' is neither a static name nor a globally static expression [d:/xilinx_FPGA_prj/Embedded_system/09_ov5640_lcd/09_ov5640_lcd.gen/sources_1/bd/system/ipshared/ab26/src/axi_dynclk.vhd:227]
WARNING: [Synth 8-9112] actual for formal port 's1_clkfbout' is neither a static name nor a globally static expression [d:/xilinx_FPGA_prj/Embedded_system/09_ov5640_lcd/09_ov5640_lcd.gen/sources_1/bd/system/ipshared/ab26/src/axi_dynclk.vhd:228]
WARNING: [Synth 8-9112] actual for formal port 's1_lock' is neither a static name nor a globally static expression [d:/xilinx_FPGA_prj/Embedded_system/09_ov5640_lcd/09_ov5640_lcd.gen/sources_1/bd/system/ipshared/ab26/src/axi_dynclk.vhd:230]
INFO: [Synth 8-638] synthesizing module 'system_axi_dynclk_0_0' [d:/xilinx_FPGA_prj/Embedded_system/09_ov5640_lcd/09_ov5640_lcd.gen/sources_1/bd/system/ip/system_axi_dynclk_0_0/synth/system_axi_dynclk_0_0.vhd:86]
	Parameter C_S00_AXI_DATA_WIDTH bound to: 32 - type: integer 
	Parameter C_S00_AXI_ADDR_WIDTH bound to: 5 - type: integer 
	Parameter ADD_BUFMR bound to: 0 - type: bool 
INFO: [Synth 8-3491] module 'axi_dynclk' declared at 'd:/xilinx_FPGA_prj/Embedded_system/09_ov5640_lcd/09_ov5640_lcd.gen/sources_1/bd/system/ipshared/ab26/src/axi_dynclk.vhd:10' bound to instance 'U0' of component 'axi_dynclk' [d:/xilinx_FPGA_prj/Embedded_system/09_ov5640_lcd/09_ov5640_lcd.gen/sources_1/bd/system/ip/system_axi_dynclk_0_0/synth/system_axi_dynclk_0_0.vhd:161]
INFO: [Synth 8-638] synthesizing module 'axi_dynclk' [d:/xilinx_FPGA_prj/Embedded_system/09_ov5640_lcd/09_ov5640_lcd.gen/sources_1/bd/system/ipshared/ab26/src/axi_dynclk.vhd:57]
	Parameter C_S_AXI_DATA_WIDTH bound to: 32 - type: integer 
	Parameter C_S_AXI_ADDR_WIDTH bound to: 5 - type: integer 
INFO: [Synth 8-3491] module 'axi_dynclk_S00_AXI' declared at 'd:/xilinx_FPGA_prj/Embedded_system/09_ov5640_lcd/09_ov5640_lcd.gen/sources_1/bd/system/ipshared/ab26/src/axi_dynclk_S00_AXI.vhd:5' bound to instance 'axi_dynclk_S00_AXI_inst' of component 'axi_dynclk_S00_AXI' [d:/xilinx_FPGA_prj/Embedded_system/09_ov5640_lcd/09_ov5640_lcd.gen/sources_1/bd/system/ipshared/ab26/src/axi_dynclk.vhd:147]
INFO: [Synth 8-638] synthesizing module 'axi_dynclk_S00_AXI' [d:/xilinx_FPGA_prj/Embedded_system/09_ov5640_lcd/09_ov5640_lcd.gen/sources_1/bd/system/ipshared/ab26/src/axi_dynclk_S00_AXI.vhd:93]
INFO: [Synth 8-226] default block is never used [d:/xilinx_FPGA_prj/Embedded_system/09_ov5640_lcd/09_ov5640_lcd.gen/sources_1/bd/system/ipshared/ab26/src/axi_dynclk_S00_AXI.vhd:399]
INFO: [Synth 8-256] done synthesizing module 'axi_dynclk_S00_AXI' (0#1) [d:/xilinx_FPGA_prj/Embedded_system/09_ov5640_lcd/09_ov5640_lcd.gen/sources_1/bd/system/ipshared/ab26/src/axi_dynclk_S00_AXI.vhd:93]
INFO: [Synth 8-113] binding component instance 'BUFIO_inst' to cell 'BUFIO' [d:/xilinx_FPGA_prj/Embedded_system/09_ov5640_lcd/09_ov5640_lcd.gen/sources_1/bd/system/ipshared/ab26/src/axi_dynclk.vhd:198]
	Parameter BUFR_DIVIDE bound to: 5 - type: string 
	Parameter SIM_DEVICE bound to: 7SERIES - type: string 
INFO: [Synth 8-113] binding component instance 'BUFR_inst' to cell 'BUFR' [d:/xilinx_FPGA_prj/Embedded_system/09_ov5640_lcd/09_ov5640_lcd.gen/sources_1/bd/system/ipshared/ab26/src/axi_dynclk.vhd:204]
	Parameter DIV_F bound to: 2 - type: integer 
INFO: [Synth 8-3491] module 'mmcme2_drp' declared at 'd:/xilinx_FPGA_prj/Embedded_system/09_ov5640_lcd/09_ov5640_lcd.gen/sources_1/bd/system/ipshared/ab26/src/mmcme2_drp.v:50' bound to instance 'Inst_mmcme2_drp' of component 'mmcme2_drp' [d:/xilinx_FPGA_prj/Embedded_system/09_ov5640_lcd/09_ov5640_lcd.gen/sources_1/bd/system/ipshared/ab26/src/axi_dynclk.vhd:218]
INFO: [Synth 8-6157] synthesizing module 'mmcme2_drp' [d:/xilinx_FPGA_prj/Embedded_system/09_ov5640_lcd/09_ov5640_lcd.gen/sources_1/bd/system/ipshared/ab26/src/mmcme2_drp.v:50]
INFO: [Synth 8-6157] synthesizing module 'MMCME2_ADV' [E:/FPGA_xilinx_vivado_newversion/Vivado/2022.1/scripts/rt/data/unisim_comp.v:63509]
INFO: [Synth 8-6155] done synthesizing module 'MMCME2_ADV' (0#1) [E:/FPGA_xilinx_vivado_newversion/Vivado/2022.1/scripts/rt/data/unisim_comp.v:63509]
INFO: [Synth 8-6155] done synthesizing module 'mmcme2_drp' (0#1) [d:/xilinx_FPGA_prj/Embedded_system/09_ov5640_lcd/09_ov5640_lcd.gen/sources_1/bd/system/ipshared/ab26/src/mmcme2_drp.v:50]
INFO: [Synth 8-256] done synthesizing module 'axi_dynclk' (0#1) [d:/xilinx_FPGA_prj/Embedded_system/09_ov5640_lcd/09_ov5640_lcd.gen/sources_1/bd/system/ipshared/ab26/src/axi_dynclk.vhd:57]
INFO: [Synth 8-256] done synthesizing module 'system_axi_dynclk_0_0' (0#1) [d:/xilinx_FPGA_prj/Embedded_system/09_ov5640_lcd/09_ov5640_lcd.gen/sources_1/bd/system/ip/system_axi_dynclk_0_0/synth/system_axi_dynclk_0_0.vhd:86]
WARNING: [Synth 8-7129] Port S_AXI_AWPROT[2] in module axi_dynclk_S00_AXI is either unconnected or has no load
WARNING: [Synth 8-7129] Port S_AXI_AWPROT[1] in module axi_dynclk_S00_AXI is either unconnected or has no load
WARNING: [Synth 8-7129] Port S_AXI_AWPROT[0] in module axi_dynclk_S00_AXI is either unconnected or has no load
WARNING: [Synth 8-7129] Port S_AXI_ARPROT[2] in module axi_dynclk_S00_AXI is either unconnected or has no load
WARNING: [Synth 8-7129] Port S_AXI_ARPROT[1] in module axi_dynclk_S00_AXI is either unconnected or has no load
WARNING: [Synth 8-7129] Port S_AXI_ARPROT[0] in module axi_dynclk_S00_AXI is either unconnected or has no load
---------------------------------------------------------------------------------
Finished RTL Elaboration : Time (s): cpu = 00:00:07 ; elapsed = 00:00:07 . Memory (MB): peak = 1657.121 ; gain = 18.184
---------------------------------------------------------------------------------
---------------------------------------------------------------------------------
Start Handling Custom Attributes
---------------------------------------------------------------------------------
---------------------------------------------------------------------------------
Finished Handling Custom Attributes : Time (s): cpu = 00:00:07 ; elapsed = 00:00:07 . Memory (MB): peak = 1657.121 ; gain = 18.184
---------------------------------------------------------------------------------
---------------------------------------------------------------------------------
Finished RTL Optimization Phase 1 : Time (s): cpu = 00:00:07 ; elapsed = 00:00:07 . Memory (MB): peak = 1657.121 ; gain = 18.184
---------------------------------------------------------------------------------
Netlist sorting complete. Time (s): cpu = 00:00:00 ; elapsed = 00:00:00.014 . Memory (MB): peak = 1657.121 ; gain = 0.000
INFO: [Netlist 29-17] Analyzing 2 Unisim elements for replacement
INFO: [Netlist 29-28] Unisim Transformation completed in 0 CPU seconds
INFO: [Project 1-570] Preparing netlist for logic optimization

Processing XDC Constraints
Initializing timing engine
Completed Processing XDC Constraints

Netlist sorting complete. Time (s): cpu = 00:00:00 ; elapsed = 00:00:00 . Memory (MB): peak = 1711.906 ; gain = 0.000
INFO: [Project 1-111] Unisim Transformation Summary:
No Unisim elements were transformed.

Constraint Validation Runtime : Time (s): cpu = 00:00:00 ; elapsed = 00:00:00.054 . Memory (MB): peak = 1711.906 ; gain = 0.000
INFO: [Designutils 20-5008] Incremental synthesis strategy off
---------------------------------------------------------------------------------
Finished Constraint Validation : Time (s): cpu = 00:00:12 ; elapsed = 00:00:13 . Memory (MB): peak = 1711.906 ; gain = 72.969
---------------------------------------------------------------------------------
---------------------------------------------------------------------------------
Start Loading Part and Timing Information
---------------------------------------------------------------------------------
Loading part: xc7z020clg400-2
---------------------------------------------------------------------------------
Finished Loading Part and Timing Information : Time (s): cpu = 00:00:12 ; elapsed = 00:00:13 . Memory (MB): peak = 1711.906 ; gain = 72.969
---------------------------------------------------------------------------------
---------------------------------------------------------------------------------
Start Applying 'set_property' XDC Constraints
---------------------------------------------------------------------------------
---------------------------------------------------------------------------------
Finished applying 'set_property' XDC Constraints : Time (s): cpu = 00:00:12 ; elapsed = 00:00:13 . Memory (MB): peak = 1711.906 ; gain = 72.969
---------------------------------------------------------------------------------
INFO: [Synth 8-802] inferred FSM for state register 'current_state_reg' in module 'mmcme2_drp'
INFO: [Synth 8-802] inferred FSM for state register 'clk_state_reg' in module 'axi_dynclk'
---------------------------------------------------------------------------------------------------
                   State |                     New Encoding |                Previous Encoding 
---------------------------------------------------------------------------------------------------
                 RESTART |                        000000001 |                             0001
               WAIT_LOCK |                        000000010 |                             0010
                WAIT_SEN |                        000000100 |                             0011
                 ADDRESS |                        000001000 |                             0100
             WAIT_A_DRDY |                        000010000 |                             0101
                 BITMASK |                        000100000 |                             0110
                  BITSET |                        001000000 |                             0111
                   WRITE |                        010000000 |                             1000
               WAIT_DRDY |                        100000000 |                             1001
---------------------------------------------------------------------------------------------------
INFO: [Synth 8-3354] encoded FSM with state register 'current_state_reg' using encoding 'one-hot' in module 'mmcme2_drp'
---------------------------------------------------------------------------------------------------
                   State |                     New Encoding |                Previous Encoding 
---------------------------------------------------------------------------------------------------
                   reset |                            00001 |                              000
             wait_locked |                            00010 |                              001
                 wait_en |                            00100 |                              010
               wait_srdy |                            01000 |                              011
                 enabled |                            10000 |                              100
---------------------------------------------------------------------------------------------------
INFO: [Synth 8-3354] encoded FSM with state register 'clk_state_reg' using encoding 'one-hot' in module 'axi_dynclk'
---------------------------------------------------------------------------------
Finished RTL Optimization Phase 2 : Time (s): cpu = 00:00:12 ; elapsed = 00:00:13 . Memory (MB): peak = 1711.906 ; gain = 72.969
---------------------------------------------------------------------------------
---------------------------------------------------------------------------------
Start RTL Component Statistics 
---------------------------------------------------------------------------------
Detailed RTL Component Info : 
+---Adders : 
	   2 Input    4 Bit       Adders := 2     
+---Registers : 
	               39 Bit    Registers := 1     
	               32 Bit    Registers := 8     
	               16 Bit    Registers := 1     
	                7 Bit    Registers := 1     
	                5 Bit    Registers := 2     
	                4 Bit    Registers := 2     
	                2 Bit    Registers := 2     
	                1 Bit    Registers := 10    
+---Muxes : 
	   2 Input   32 Bit        Muxes := 7     
	   8 Input   32 Bit        Muxes := 7     
	   9 Input   16 Bit        Muxes := 1     
	   9 Input    9 Bit        Muxes := 1     
	   2 Input    9 Bit        Muxes := 5     
	   9 Input    7 Bit        Muxes := 1     
	   5 Input    5 Bit        Muxes := 1     
	   9 Input    4 Bit        Muxes := 2     
	   2 Input    1 Bit        Muxes := 5     
	   9 Input    1 Bit        Muxes := 8     
	   5 Input    1 Bit        Muxes := 1     
---------------------------------------------------------------------------------
Finished RTL Component Statistics 
---------------------------------------------------------------------------------
---------------------------------------------------------------------------------
Start Part Resource Summary
---------------------------------------------------------------------------------
Part Resources:
DSPs: 220 (col length:60)
BRAMs: 280 (col length: RAMB18 60 RAMB36 30)
---------------------------------------------------------------------------------
Finished Part Resource Summary
---------------------------------------------------------------------------------
---------------------------------------------------------------------------------
Start Cross Boundary and Area Optimization
---------------------------------------------------------------------------------
WARNING: [Synth 8-7080] Parallel synthesis criteria is not met
WARNING: [Synth 8-7129] Port s00_axi_awprot[2] in module system_axi_dynclk_0_0 is either unconnected or has no load
WARNING: [Synth 8-7129] Port s00_axi_awprot[1] in module system_axi_dynclk_0_0 is either unconnected or has no load
WARNING: [Synth 8-7129] Port s00_axi_awprot[0] in module system_axi_dynclk_0_0 is either unconnected or has no load
WARNING: [Synth 8-7129] Port s00_axi_arprot[2] in module system_axi_dynclk_0_0 is either unconnected or has no load
WARNING: [Synth 8-7129] Port s00_axi_arprot[1] in module system_axi_dynclk_0_0 is either unconnected or has no load
WARNING: [Synth 8-7129] Port s00_axi_arprot[0] in module system_axi_dynclk_0_0 is either unconnected or has no load
---------------------------------------------------------------------------------
Finished Cross Boundary and Area Optimization : Time (s): cpu = 00:00:15 ; elapsed = 00:00:15 . Memory (MB): peak = 1711.906 ; gain = 72.969
---------------------------------------------------------------------------------
---------------------------------------------------------------------------------
Start Applying XDC Timing Constraints
---------------------------------------------------------------------------------
---------------------------------------------------------------------------------
Finished Applying XDC Timing Constraints : Time (s): cpu = 00:00:19 ; elapsed = 00:00:19 . Memory (MB): peak = 1711.906 ; gain = 72.969
---------------------------------------------------------------------------------
---------------------------------------------------------------------------------
Start Timing Optimization
---------------------------------------------------------------------------------
---------------------------------------------------------------------------------
Finished Timing Optimization : Time (s): cpu = 00:00:19 ; elapsed = 00:00:19 . Memory (MB): peak = 1711.906 ; gain = 72.969
---------------------------------------------------------------------------------
---------------------------------------------------------------------------------
Start Technology Mapping
---------------------------------------------------------------------------------
---------------------------------------------------------------------------------
Finished Technology Mapping : Time (s): cpu = 00:00:19 ; elapsed = 00:00:20 . Memory (MB): peak = 1711.906 ; gain = 72.969
---------------------------------------------------------------------------------
---------------------------------------------------------------------------------
Start IO Insertion
---------------------------------------------------------------------------------
---------------------------------------------------------------------------------
Start Flattening Before IO Insertion
---------------------------------------------------------------------------------
---------------------------------------------------------------------------------
Finished Flattening Before IO Insertion
---------------------------------------------------------------------------------
---------------------------------------------------------------------------------
Start Final Netlist Cleanup
---------------------------------------------------------------------------------
---------------------------------------------------------------------------------
Finished Final Netlist Cleanup
---------------------------------------------------------------------------------
---------------------------------------------------------------------------------
Finished IO Insertion : Time (s): cpu = 00:00:22 ; elapsed = 00:00:23 . Memory (MB): peak = 1711.906 ; gain = 72.969
---------------------------------------------------------------------------------
---------------------------------------------------------------------------------
Start Renaming Generated Instances
---------------------------------------------------------------------------------
---------------------------------------------------------------------------------
Finished Renaming Generated Instances : Time (s): cpu = 00:00:22 ; elapsed = 00:00:23 . Memory (MB): peak = 1711.906 ; gain = 72.969
---------------------------------------------------------------------------------
---------------------------------------------------------------------------------
Start Rebuilding User Hierarchy
---------------------------------------------------------------------------------
---------------------------------------------------------------------------------
Finished Rebuilding User Hierarchy : Time (s): cpu = 00:00:22 ; elapsed = 00:00:23 . Memory (MB): peak = 1711.906 ; gain = 72.969
---------------------------------------------------------------------------------
---------------------------------------------------------------------------------
Start Renaming Generated Ports
---------------------------------------------------------------------------------
---------------------------------------------------------------------------------
Finished Renaming Generated Ports : Time (s): cpu = 00:00:22 ; elapsed = 00:00:23 . Memory (MB): peak = 1711.906 ; gain = 72.969
---------------------------------------------------------------------------------
---------------------------------------------------------------------------------
Start Handling Custom Attributes
---------------------------------------------------------------------------------
---------------------------------------------------------------------------------
Finished Handling Custom Attributes : Time (s): cpu = 00:00:22 ; elapsed = 00:00:23 . Memory (MB): peak = 1711.906 ; gain = 72.969
---------------------------------------------------------------------------------
---------------------------------------------------------------------------------
Start Renaming Generated Nets
---------------------------------------------------------------------------------
---------------------------------------------------------------------------------
Finished Renaming Generated Nets : Time (s): cpu = 00:00:22 ; elapsed = 00:00:23 . Memory (MB): peak = 1711.906 ; gain = 72.969
---------------------------------------------------------------------------------
---------------------------------------------------------------------------------
Start Writing Synthesis Report
---------------------------------------------------------------------------------

Report BlackBoxes: 
+-+--------------+----------+
| |BlackBox name |Instances |
+-+--------------+----------+
+-+--------------+----------+

Report Cell Usage: 
+------+-----------+------+
|      |Cell       |Count |
+------+-----------+------+
|1     |BUFIO      |     1|
|2     |BUFR       |     1|
|3     |LUT1       |     3|
|4     |LUT2       |    10|
|5     |LUT3       |    10|
|6     |LUT4       |    41|
|7     |LUT5       |    97|
|8     |LUT6       |    70|
|9     |MMCME2_ADV |     1|
|10    |MUXF7      |    32|
|11    |FDRE       |   325|
|12    |FDSE       |    23|
+------+-----------+------+
---------------------------------------------------------------------------------
Finished Writing Synthesis Report : Time (s): cpu = 00:00:22 ; elapsed = 00:00:23 . Memory (MB): peak = 1711.906 ; gain = 72.969
---------------------------------------------------------------------------------
Synthesis finished with 0 errors, 0 critical warnings and 7 warnings.
Synthesis Optimization Runtime : Time (s): cpu = 00:00:14 ; elapsed = 00:00:21 . Memory (MB): peak = 1711.906 ; gain = 18.184
Synthesis Optimization Complete : Time (s): cpu = 00:00:22 ; elapsed = 00:00:23 . Memory (MB): peak = 1711.906 ; gain = 72.969
INFO: [Project 1-571] Translating synthesized netlist
Netlist sorting complete. Time (s): cpu = 00:00:00 ; elapsed = 00:00:00.006 . Memory (MB): peak = 1711.906 ; gain = 0.000
INFO: [Netlist 29-17] Analyzing 34 Unisim elements for replacement
INFO: [Netlist 29-28] Unisim Transformation completed in 0 CPU seconds
INFO: [Project 1-570] Preparing netlist for logic optimization
INFO: [Opt 31-138] Pushed 0 inverter(s) to 0 load pin(s).
Netlist sorting complete. Time (s): cpu = 00:00:00 ; elapsed = 00:00:00 . Memory (MB): peak = 1714.488 ; gain = 0.000
INFO: [Project 1-111] Unisim Transformation Summary:
No Unisim elements were transformed.

Synth Design complete, checksum: dc756d50
INFO: [Common 17-83] Releasing license: Synthesis
41 Infos, 21 Warnings, 0 Critical Warnings and 0 Errors encountered.
synth_design completed successfully
synth_design: Time (s): cpu = 00:00:25 ; elapsed = 00:00:26 . Memory (MB): peak = 1714.488 ; gain = 75.551
INFO: [Common 17-1381] The checkpoint 'D:/xilinx_FPGA_prj/Embedded_system/09_ov5640_lcd/09_ov5640_lcd.runs/system_axi_dynclk_0_0_synth_1/system_axi_dynclk_0_0.dcp' has been generated.
INFO: [Coretcl 2-1648] Added synthesis output to IP cache for IP system_axi_dynclk_0_0, cache-ID = ba32f1abc0e2895e
INFO: [Coretcl 2-1174] Renamed 3 cell refs.
INFO: [Common 17-1381] The checkpoint 'D:/xilinx_FPGA_prj/Embedded_system/09_ov5640_lcd/09_ov5640_lcd.runs/system_axi_dynclk_0_0_synth_1/system_axi_dynclk_0_0.dcp' has been generated.
INFO: [runtcl-4] Executing : report_utilization -file system_axi_dynclk_0_0_utilization_synth.rpt -pb system_axi_dynclk_0_0_utilization_synth.pb
INFO: [Common 17-206] Exiting Vivado at Mon Sep 12 14:28:10 2022...

*** Running vivado
    with args -log system_axi_dynclk_0_0.vds -m64 -product Vivado -mode batch -messageDb vivado.pb -notrace -source system_axi_dynclk_0_0.tcl



****** Vivado v2022.1 (64-bit)
  **** SW Build 3526262 on Mon Apr 18 15:48:16 MDT 2022
  **** IP Build 3524634 on Mon Apr 18 20:55:01 MDT 2022
    ** Copyright 1986-2022 Xilinx, Inc. All Rights Reserved.

source system_axi_dynclk_0_0.tcl -notrace
INFO: [IP_Flow 19-234] Refreshing IP repositories
INFO: [IP_Flow 19-1700] Loaded user IP repository 'd:/xilinx_FPGA_prj/my_fpga_prj/ov5640_gesture/ip_repo'.
INFO: [IP_Flow 19-2313] Loaded Vivado IP repository 'E:/FPGA_xilinx_vivado_newversion/Vivado/2022.1/data/ip'.
Command: synth_design -top system_axi_dynclk_0_0 -part xc7z020clg400-2 -incremental_mode off -mode out_of_context
Starting synth_design
Attempting to get a license for feature 'Synthesis' and/or device 'xc7z020'
INFO: [Common 17-349] Got license for feature 'Synthesis' and/or device 'xc7z020'
INFO: [Device 21-403] Loading part xc7z020clg400-2
INFO: [Synth 8-7079] Multithreading enabled for synth_design using a maximum of 2 processes.
INFO: [Synth 8-7078] Launching helper process for spawning children vivado processes
INFO: [Synth 8-7075] Helper process launched with PID 18552
WARNING: [Synth 8-9501] generate block is allowed only inside loop and conditional generate in SystemVerilog mode [E:/FPGA_xilinx_vivado_newversion/Vivado/2022.1/data/ip/xpm/xpm_fifo/hdl/xpm_fifo.sv:4023]
---------------------------------------------------------------------------------
Starting RTL Elaboration : Time (s): cpu = 00:00:05 ; elapsed = 00:00:07 . Memory (MB): peak = 1638.238 ; gain = 0.000
---------------------------------------------------------------------------------
WARNING: [Synth 8-9112] actual for formal port 'rst' is neither a static name nor a globally static expression [d:/xilinx_FPGA_prj/my_fpga_prj/ov5640_gesture/ov5640_gesture.gen/sources_1/bd/system/ipshared/ab26/src/axi_dynclk.vhd:225]
WARNING: [Synth 8-9112] actual for formal port 's1_clkout0' is neither a static name nor a globally static expression [d:/xilinx_FPGA_prj/my_fpga_prj/ov5640_gesture/ov5640_gesture.gen/sources_1/bd/system/ipshared/ab26/src/axi_dynclk.vhd:227]
WARNING: [Synth 8-9112] actual for formal port 's1_clkfbout' is neither a static name nor a globally static expression [d:/xilinx_FPGA_prj/my_fpga_prj/ov5640_gesture/ov5640_gesture.gen/sources_1/bd/system/ipshared/ab26/src/axi_dynclk.vhd:228]
WARNING: [Synth 8-9112] actual for formal port 's1_lock' is neither a static name nor a globally static expression [d:/xilinx_FPGA_prj/my_fpga_prj/ov5640_gesture/ov5640_gesture.gen/sources_1/bd/system/ipshared/ab26/src/axi_dynclk.vhd:230]
INFO: [Synth 8-638] synthesizing module 'system_axi_dynclk_0_0' [d:/xilinx_FPGA_prj/my_fpga_prj/ov5640_gesture/ov5640_gesture.gen/sources_1/bd/system/ip/system_axi_dynclk_0_0/synth/system_axi_dynclk_0_0.vhd:86]
	Parameter C_S00_AXI_DATA_WIDTH bound to: 32 - type: integer 
	Parameter C_S00_AXI_ADDR_WIDTH bound to: 5 - type: integer 
	Parameter ADD_BUFMR bound to: 0 - type: bool 
INFO: [Synth 8-3491] module 'axi_dynclk' declared at 'd:/xilinx_FPGA_prj/my_fpga_prj/ov5640_gesture/ov5640_gesture.gen/sources_1/bd/system/ipshared/ab26/src/axi_dynclk.vhd:10' bound to instance 'U0' of component 'axi_dynclk' [d:/xilinx_FPGA_prj/my_fpga_prj/ov5640_gesture/ov5640_gesture.gen/sources_1/bd/system/ip/system_axi_dynclk_0_0/synth/system_axi_dynclk_0_0.vhd:161]
INFO: [Synth 8-638] synthesizing module 'axi_dynclk' [d:/xilinx_FPGA_prj/my_fpga_prj/ov5640_gesture/ov5640_gesture.gen/sources_1/bd/system/ipshared/ab26/src/axi_dynclk.vhd:57]
	Parameter C_S_AXI_DATA_WIDTH bound to: 32 - type: integer 
	Parameter C_S_AXI_ADDR_WIDTH bound to: 5 - type: integer 
INFO: [Synth 8-3491] module 'axi_dynclk_S00_AXI' declared at 'd:/xilinx_FPGA_prj/my_fpga_prj/ov5640_gesture/ov5640_gesture.gen/sources_1/bd/system/ipshared/ab26/src/axi_dynclk_S00_AXI.vhd:5' bound to instance 'axi_dynclk_S00_AXI_inst' of component 'axi_dynclk_S00_AXI' [d:/xilinx_FPGA_prj/my_fpga_prj/ov5640_gesture/ov5640_gesture.gen/sources_1/bd/system/ipshared/ab26/src/axi_dynclk.vhd:147]
INFO: [Synth 8-638] synthesizing module 'axi_dynclk_S00_AXI' [d:/xilinx_FPGA_prj/my_fpga_prj/ov5640_gesture/ov5640_gesture.gen/sources_1/bd/system/ipshared/ab26/src/axi_dynclk_S00_AXI.vhd:93]
INFO: [Synth 8-226] default block is never used [d:/xilinx_FPGA_prj/my_fpga_prj/ov5640_gesture/ov5640_gesture.gen/sources_1/bd/system/ipshared/ab26/src/axi_dynclk_S00_AXI.vhd:399]
INFO: [Synth 8-256] done synthesizing module 'axi_dynclk_S00_AXI' (0#1) [d:/xilinx_FPGA_prj/my_fpga_prj/ov5640_gesture/ov5640_gesture.gen/sources_1/bd/system/ipshared/ab26/src/axi_dynclk_S00_AXI.vhd:93]
INFO: [Synth 8-113] binding component instance 'BUFIO_inst' to cell 'BUFIO' [d:/xilinx_FPGA_prj/my_fpga_prj/ov5640_gesture/ov5640_gesture.gen/sources_1/bd/system/ipshared/ab26/src/axi_dynclk.vhd:198]
	Parameter BUFR_DIVIDE bound to: 5 - type: string 
	Parameter SIM_DEVICE bound to: 7SERIES - type: string 
INFO: [Synth 8-113] binding component instance 'BUFR_inst' to cell 'BUFR' [d:/xilinx_FPGA_prj/my_fpga_prj/ov5640_gesture/ov5640_gesture.gen/sources_1/bd/system/ipshared/ab26/src/axi_dynclk.vhd:204]
	Parameter DIV_F bound to: 2 - type: integer 
INFO: [Synth 8-3491] module 'mmcme2_drp' declared at 'd:/xilinx_FPGA_prj/my_fpga_prj/ov5640_gesture/ov5640_gesture.gen/sources_1/bd/system/ipshared/ab26/src/mmcme2_drp.v:50' bound to instance 'Inst_mmcme2_drp' of component 'mmcme2_drp' [d:/xilinx_FPGA_prj/my_fpga_prj/ov5640_gesture/ov5640_gesture.gen/sources_1/bd/system/ipshared/ab26/src/axi_dynclk.vhd:218]
INFO: [Synth 8-6157] synthesizing module 'mmcme2_drp' [d:/xilinx_FPGA_prj/my_fpga_prj/ov5640_gesture/ov5640_gesture.gen/sources_1/bd/system/ipshared/ab26/src/mmcme2_drp.v:50]
INFO: [Synth 8-6157] synthesizing module 'MMCME2_ADV' [E:/FPGA_xilinx_vivado_newversion/Vivado/2022.1/scripts/rt/data/unisim_comp.v:63509]
INFO: [Synth 8-6155] done synthesizing module 'MMCME2_ADV' (0#1) [E:/FPGA_xilinx_vivado_newversion/Vivado/2022.1/scripts/rt/data/unisim_comp.v:63509]
INFO: [Synth 8-6155] done synthesizing module 'mmcme2_drp' (0#1) [d:/xilinx_FPGA_prj/my_fpga_prj/ov5640_gesture/ov5640_gesture.gen/sources_1/bd/system/ipshared/ab26/src/mmcme2_drp.v:50]
INFO: [Synth 8-256] done synthesizing module 'axi_dynclk' (0#1) [d:/xilinx_FPGA_prj/my_fpga_prj/ov5640_gesture/ov5640_gesture.gen/sources_1/bd/system/ipshared/ab26/src/axi_dynclk.vhd:57]
INFO: [Synth 8-256] done synthesizing module 'system_axi_dynclk_0_0' (0#1) [d:/xilinx_FPGA_prj/my_fpga_prj/ov5640_gesture/ov5640_gesture.gen/sources_1/bd/system/ip/system_axi_dynclk_0_0/synth/system_axi_dynclk_0_0.vhd:86]
WARNING: [Synth 8-7129] Port S_AXI_AWPROT[2] in module axi_dynclk_S00_AXI is either unconnected or has no load
WARNING: [Synth 8-7129] Port S_AXI_AWPROT[1] in module axi_dynclk_S00_AXI is either unconnected or has no load
WARNING: [Synth 8-7129] Port S_AXI_AWPROT[0] in module axi_dynclk_S00_AXI is either unconnected or has no load
WARNING: [Synth 8-7129] Port S_AXI_ARPROT[2] in module axi_dynclk_S00_AXI is either unconnected or has no load
WARNING: [Synth 8-7129] Port S_AXI_ARPROT[1] in module axi_dynclk_S00_AXI is either unconnected or has no load
WARNING: [Synth 8-7129] Port S_AXI_ARPROT[0] in module axi_dynclk_S00_AXI is either unconnected or has no load
---------------------------------------------------------------------------------
Finished RTL Elaboration : Time (s): cpu = 00:00:07 ; elapsed = 00:00:09 . Memory (MB): peak = 1655.121 ; gain = 16.883
---------------------------------------------------------------------------------
---------------------------------------------------------------------------------
Start Handling Custom Attributes
---------------------------------------------------------------------------------
---------------------------------------------------------------------------------
Finished Handling Custom Attributes : Time (s): cpu = 00:00:07 ; elapsed = 00:00:09 . Memory (MB): peak = 1655.121 ; gain = 16.883
---------------------------------------------------------------------------------
---------------------------------------------------------------------------------
Finished RTL Optimization Phase 1 : Time (s): cpu = 00:00:07 ; elapsed = 00:00:09 . Memory (MB): peak = 1655.121 ; gain = 16.883
---------------------------------------------------------------------------------
Netlist sorting complete. Time (s): cpu = 00:00:00 ; elapsed = 00:00:00.022 . Memory (MB): peak = 1655.121 ; gain = 0.000
INFO: [Netlist 29-17] Analyzing 2 Unisim elements for replacement
INFO: [Netlist 29-28] Unisim Transformation completed in 0 CPU seconds
INFO: [Project 1-570] Preparing netlist for logic optimization

Processing XDC Constraints
Initializing timing engine
Completed Processing XDC Constraints

Netlist sorting complete. Time (s): cpu = 00:00:00 ; elapsed = 00:00:00.001 . Memory (MB): peak = 1710.281 ; gain = 0.000
INFO: [Project 1-111] Unisim Transformation Summary:
No Unisim elements were transformed.

Constraint Validation Runtime : Time (s): cpu = 00:00:00 ; elapsed = 00:00:00.099 . Memory (MB): peak = 1710.281 ; gain = 0.000
INFO: [Designutils 20-5008] Incremental synthesis strategy off
---------------------------------------------------------------------------------
Finished Constraint Validation : Time (s): cpu = 00:00:17 ; elapsed = 00:00:22 . Memory (MB): peak = 1710.281 ; gain = 72.043
---------------------------------------------------------------------------------
---------------------------------------------------------------------------------
Start Loading Part and Timing Information
---------------------------------------------------------------------------------
Loading part: xc7z020clg400-2
---------------------------------------------------------------------------------
Finished Loading Part and Timing Information : Time (s): cpu = 00:00:17 ; elapsed = 00:00:22 . Memory (MB): peak = 1710.281 ; gain = 72.043
---------------------------------------------------------------------------------
---------------------------------------------------------------------------------
Start Applying 'set_property' XDC Constraints
---------------------------------------------------------------------------------
---------------------------------------------------------------------------------
Finished applying 'set_property' XDC Constraints : Time (s): cpu = 00:00:17 ; elapsed = 00:00:22 . Memory (MB): peak = 1710.281 ; gain = 72.043
---------------------------------------------------------------------------------
INFO: [Synth 8-802] inferred FSM for state register 'current_state_reg' in module 'mmcme2_drp'
INFO: [Synth 8-802] inferred FSM for state register 'clk_state_reg' in module 'axi_dynclk'
---------------------------------------------------------------------------------------------------
                   State |                     New Encoding |                Previous Encoding 
---------------------------------------------------------------------------------------------------
                 RESTART |                        000000001 |                             0001
               WAIT_LOCK |                        000000010 |                             0010
                WAIT_SEN |                        000000100 |                             0011
                 ADDRESS |                        000001000 |                             0100
             WAIT_A_DRDY |                        000010000 |                             0101
                 BITMASK |                        000100000 |                             0110
                  BITSET |                        001000000 |                             0111
                   WRITE |                        010000000 |                             1000
               WAIT_DRDY |                        100000000 |                             1001
---------------------------------------------------------------------------------------------------
INFO: [Synth 8-3354] encoded FSM with state register 'current_state_reg' using encoding 'one-hot' in module 'mmcme2_drp'
---------------------------------------------------------------------------------------------------
                   State |                     New Encoding |                Previous Encoding 
---------------------------------------------------------------------------------------------------
                   reset |                            00001 |                              000
             wait_locked |                            00010 |                              001
                 wait_en |                            00100 |                              010
               wait_srdy |                            01000 |                              011
                 enabled |                            10000 |                              100
---------------------------------------------------------------------------------------------------
INFO: [Synth 8-3354] encoded FSM with state register 'clk_state_reg' using encoding 'one-hot' in module 'axi_dynclk'
---------------------------------------------------------------------------------
Finished RTL Optimization Phase 2 : Time (s): cpu = 00:00:17 ; elapsed = 00:00:23 . Memory (MB): peak = 1710.281 ; gain = 72.043
---------------------------------------------------------------------------------
---------------------------------------------------------------------------------
Start RTL Component Statistics 
---------------------------------------------------------------------------------
Detailed RTL Component Info : 
+---Adders : 
	   2 Input    4 Bit       Adders := 2     
+---Registers : 
	               39 Bit    Registers := 1     
	               32 Bit    Registers := 8     
	               16 Bit    Registers := 1     
	                7 Bit    Registers := 1     
	                5 Bit    Registers := 2     
	                4 Bit    Registers := 2     
	                2 Bit    Registers := 2     
	                1 Bit    Registers := 10    
+---Muxes : 
	   2 Input   32 Bit        Muxes := 7     
	   8 Input   32 Bit        Muxes := 7     
	   9 Input   16 Bit        Muxes := 1     
	   9 Input    9 Bit        Muxes := 1     
	   2 Input    9 Bit        Muxes := 5     
	   9 Input    7 Bit        Muxes := 1     
	   5 Input    5 Bit        Muxes := 1     
	   9 Input    4 Bit        Muxes := 2     
	   2 Input    1 Bit        Muxes := 5     
	   9 Input    1 Bit        Muxes := 8     
	   5 Input    1 Bit        Muxes := 1     
---------------------------------------------------------------------------------
Finished RTL Component Statistics 
---------------------------------------------------------------------------------
---------------------------------------------------------------------------------
Start Part Resource Summary
---------------------------------------------------------------------------------
Part Resources:
DSPs: 220 (col length:60)
BRAMs: 280 (col length: RAMB18 60 RAMB36 30)
---------------------------------------------------------------------------------
Finished Part Resource Summary
---------------------------------------------------------------------------------
---------------------------------------------------------------------------------
Start Cross Boundary and Area Optimization
---------------------------------------------------------------------------------
WARNING: [Synth 8-7080] Parallel synthesis criteria is not met
WARNING: [Synth 8-7129] Port s00_axi_awprot[2] in module system_axi_dynclk_0_0 is either unconnected or has no load
WARNING: [Synth 8-7129] Port s00_axi_awprot[1] in module system_axi_dynclk_0_0 is either unconnected or has no load
WARNING: [Synth 8-7129] Port s00_axi_awprot[0] in module system_axi_dynclk_0_0 is either unconnected or has no load
WARNING: [Synth 8-7129] Port s00_axi_arprot[2] in module system_axi_dynclk_0_0 is either unconnected or has no load
WARNING: [Synth 8-7129] Port s00_axi_arprot[1] in module system_axi_dynclk_0_0 is either unconnected or has no load
WARNING: [Synth 8-7129] Port s00_axi_arprot[0] in module system_axi_dynclk_0_0 is either unconnected or has no load
---------------------------------------------------------------------------------
Finished Cross Boundary and Area Optimization : Time (s): cpu = 00:00:20 ; elapsed = 00:00:26 . Memory (MB): peak = 1710.281 ; gain = 72.043
---------------------------------------------------------------------------------
---------------------------------------------------------------------------------
Start Applying XDC Timing Constraints
---------------------------------------------------------------------------------
---------------------------------------------------------------------------------
Finished Applying XDC Timing Constraints : Time (s): cpu = 00:00:26 ; elapsed = 00:00:32 . Memory (MB): peak = 1710.281 ; gain = 72.043
---------------------------------------------------------------------------------
---------------------------------------------------------------------------------
Start Timing Optimization
---------------------------------------------------------------------------------
---------------------------------------------------------------------------------
Finished Timing Optimization : Time (s): cpu = 00:00:26 ; elapsed = 00:00:32 . Memory (MB): peak = 1710.281 ; gain = 72.043
---------------------------------------------------------------------------------
---------------------------------------------------------------------------------
Start Technology Mapping
---------------------------------------------------------------------------------
---------------------------------------------------------------------------------
Finished Technology Mapping : Time (s): cpu = 00:00:26 ; elapsed = 00:00:32 . Memory (MB): peak = 1710.281 ; gain = 72.043
---------------------------------------------------------------------------------
---------------------------------------------------------------------------------
Start IO Insertion
---------------------------------------------------------------------------------
---------------------------------------------------------------------------------
Start Flattening Before IO Insertion
---------------------------------------------------------------------------------
---------------------------------------------------------------------------------
Finished Flattening Before IO Insertion
---------------------------------------------------------------------------------
---------------------------------------------------------------------------------
Start Final Netlist Cleanup
---------------------------------------------------------------------------------
---------------------------------------------------------------------------------
Finished Final Netlist Cleanup
---------------------------------------------------------------------------------
---------------------------------------------------------------------------------
Finished IO Insertion : Time (s): cpu = 00:00:31 ; elapsed = 00:00:36 . Memory (MB): peak = 1710.281 ; gain = 72.043
---------------------------------------------------------------------------------
---------------------------------------------------------------------------------
Start Renaming Generated Instances
---------------------------------------------------------------------------------
---------------------------------------------------------------------------------
Finished Renaming Generated Instances : Time (s): cpu = 00:00:31 ; elapsed = 00:00:36 . Memory (MB): peak = 1710.281 ; gain = 72.043
---------------------------------------------------------------------------------
---------------------------------------------------------------------------------
Start Rebuilding User Hierarchy
---------------------------------------------------------------------------------
---------------------------------------------------------------------------------
Finished Rebuilding User Hierarchy : Time (s): cpu = 00:00:31 ; elapsed = 00:00:36 . Memory (MB): peak = 1710.281 ; gain = 72.043
---------------------------------------------------------------------------------
---------------------------------------------------------------------------------
Start Renaming Generated Ports
---------------------------------------------------------------------------------
---------------------------------------------------------------------------------
Finished Renaming Generated Ports : Time (s): cpu = 00:00:31 ; elapsed = 00:00:36 . Memory (MB): peak = 1710.281 ; gain = 72.043
---------------------------------------------------------------------------------
---------------------------------------------------------------------------------
Start Handling Custom Attributes
---------------------------------------------------------------------------------
---------------------------------------------------------------------------------
Finished Handling Custom Attributes : Time (s): cpu = 00:00:31 ; elapsed = 00:00:36 . Memory (MB): peak = 1710.281 ; gain = 72.043
---------------------------------------------------------------------------------
---------------------------------------------------------------------------------
Start Renaming Generated Nets
---------------------------------------------------------------------------------
---------------------------------------------------------------------------------
Finished Renaming Generated Nets : Time (s): cpu = 00:00:31 ; elapsed = 00:00:36 . Memory (MB): peak = 1710.281 ; gain = 72.043
---------------------------------------------------------------------------------
---------------------------------------------------------------------------------
Start Writing Synthesis Report
---------------------------------------------------------------------------------

Report BlackBoxes: 
+-+--------------+----------+
| |BlackBox name |Instances |
+-+--------------+----------+
+-+--------------+----------+

Report Cell Usage: 
+------+-----------+------+
|      |Cell       |Count |
+------+-----------+------+
|1     |BUFIO      |     1|
|2     |BUFR       |     1|
|3     |LUT1       |     3|
|4     |LUT2       |    10|
|5     |LUT3       |    10|
|6     |LUT4       |    41|
|7     |LUT5       |    97|
|8     |LUT6       |    70|
|9     |MMCME2_ADV |     1|
|10    |MUXF7      |    32|
|11    |FDRE       |   325|
|12    |FDSE       |    23|
+------+-----------+------+
---------------------------------------------------------------------------------
Finished Writing Synthesis Report : Time (s): cpu = 00:00:31 ; elapsed = 00:00:36 . Memory (MB): peak = 1710.281 ; gain = 72.043
---------------------------------------------------------------------------------
Synthesis finished with 0 errors, 0 critical warnings and 7 warnings.
Synthesis Optimization Runtime : Time (s): cpu = 00:00:22 ; elapsed = 00:00:34 . Memory (MB): peak = 1710.281 ; gain = 16.883
Synthesis Optimization Complete : Time (s): cpu = 00:00:31 ; elapsed = 00:00:37 . Memory (MB): peak = 1710.281 ; gain = 72.043
INFO: [Project 1-571] Translating synthesized netlist
Netlist sorting complete. Time (s): cpu = 00:00:00 ; elapsed = 00:00:00.006 . Memory (MB): peak = 1710.281 ; gain = 0.000
INFO: [Netlist 29-17] Analyzing 34 Unisim elements for replacement
INFO: [Netlist 29-28] Unisim Transformation completed in 0 CPU seconds
INFO: [Project 1-570] Preparing netlist for logic optimization
INFO: [Opt 31-138] Pushed 0 inverter(s) to 0 load pin(s).
Netlist sorting complete. Time (s): cpu = 00:00:00 ; elapsed = 00:00:00 . Memory (MB): peak = 1710.281 ; gain = 0.000
INFO: [Project 1-111] Unisim Transformation Summary:
No Unisim elements were transformed.

Synth Design complete, checksum: dc756d50
INFO: [Common 17-83] Releasing license: Synthesis
40 Infos, 18 Warnings, 0 Critical Warnings and 0 Errors encountered.
synth_design completed successfully
synth_design: Time (s): cpu = 00:00:35 ; elapsed = 00:00:42 . Memory (MB): peak = 1710.281 ; gain = 72.043
INFO: [Common 17-1381] The checkpoint 'D:/xilinx_FPGA_prj/my_fpga_prj/ov5640_gesture/ov5640_gesture.runs/system_axi_dynclk_0_0_synth_1/system_axi_dynclk_0_0.dcp' has been generated.
INFO: [Coretcl 2-1648] Added synthesis output to IP cache for IP system_axi_dynclk_0_0, cache-ID = ba32f1abc0e2895e
INFO: [Coretcl 2-1174] Renamed 3 cell refs.
INFO: [Common 17-1381] The checkpoint 'D:/xilinx_FPGA_prj/my_fpga_prj/ov5640_gesture/ov5640_gesture.runs/system_axi_dynclk_0_0_synth_1/system_axi_dynclk_0_0.dcp' has been generated.
INFO: [runtcl-4] Executing : report_utilization -file system_axi_dynclk_0_0_utilization_synth.rpt -pb system_axi_dynclk_0_0_utilization_synth.pb
INFO: [Common 17-206] Exiting Vivado at Thu Sep 15 10:23:41 2022...
